<?xml version="1.0" encoding="UTF-8"?>
<testsuite xmlns:xsi="http://www.w3.org/2001/XMLSchema-instance" xsi:noNamespaceSchemaLocation="https://maven.apache.org/surefire/maven-surefire-plugin/xsd/surefire-test-report-3.0.xsd" version="3.0" name="com.meuapp.AppTest" time="0.012" tests="1" errors="0" skipped="0" failures="0">
  <properties>
    <property name="sun.desktop" value="windows"/>
    <property name="awt.toolkit" value="sun.awt.windows.WToolkit"/>
    <property name="java.specification.version" value="11"/>
    <property name="sun.cpu.isalist" value="amd64"/>
    <property name="sun.jnu.encoding" value="Cp1252"/>
    <property name="java.class.path" value="C:\Desenvolvimento\Java\jackrabbit\jackrabbit-app\target\test-classes;C:\Desenvolvimento\Java\jackrabbit\jackrabbit-app\target\classes;C:\Users\Kaos\.m2\repository\junit\junit\3.8.1\junit-3.8.1.jar;C:\Users\Kaos\.m2\repository\org\apache\jackrabbit\oak-core\1.52.0\oak-core-1.52.0.jar;C:\Users\Kaos\.m2\repository\org\osgi\org.osgi.service.component.annotations\1.3.0\org.osgi.service.component.annotations-1.3.0.jar;C:\Users\Kaos\.m2\repository\org\osgi\org.osgi.service.metatype.annotations\1.3.0\org.osgi.service.metatype.annotations-1.3.0.jar;C:\Users\Kaos\.m2\repository\org\apache\jackrabbit\oak-jackrabbit-api\1.52.0\oak-jackrabbit-api-1.52.0.jar;C:\Users\Kaos\.m2\repository\org\apache\jackrabbit\oak-shaded-guava\1.52.0\oak-shaded-guava-1.52.0.jar;C:\Users\Kaos\.m2\repository\com\google\guava\guava\31.1-jre\guava-31.1-jre.jar;C:\Users\Kaos\.m2\repository\com\google\guava\failureaccess\1.0.1\failureaccess-1.0.1.jar;C:\Users\Kaos\.m2\repository\com\google\guava\listenablefuture\9999.0-empty-to-avoid-conflict-with-guava\listenablefuture-9999.0-empty-to-avoid-conflict-with-guava.jar;C:\Users\Kaos\.m2\repository\com\google\code\findbugs\jsr305\3.0.2\jsr305-3.0.2.jar;C:\Users\Kaos\.m2\repository\org\checkerframework\checker-qual\3.12.0\checker-qual-3.12.0.jar;C:\Users\Kaos\.m2\repository\com\google\errorprone\error_prone_annotations\2.11.0\error_prone_annotations-2.11.0.jar;C:\Users\Kaos\.m2\repository\com\google\j2objc\j2objc-annotations\1.3\j2objc-annotations-1.3.jar;C:\Users\Kaos\.m2\repository\org\apache\jackrabbit\oak-api\1.52.0\oak-api-1.52.0.jar;C:\Users\Kaos\.m2\repository\org\apache\jackrabbit\oak-core-spi\1.52.0\oak-core-spi-1.52.0.jar;C:\Users\Kaos\.m2\repository\org\apache\jackrabbit\oak-query-spi\1.52.0\oak-query-spi-1.52.0.jar;C:\Users\Kaos\.m2\repository\org\apache\jackrabbit\oak-security-spi\1.52.0\oak-security-spi-1.52.0.jar;C:\Users\Kaos\.m2\repository\org\apache\jackrabbit\oak-commons\1.52.0\oak-commons-1.52.0.jar;C:\Users\Kaos\.m2\repository\org\apache\jackrabbit\oak-blob-plugins\1.52.0\oak-blob-plugins-1.52.0.jar;C:\Users\Kaos\.m2\repository\org\apache\jackrabbit\jackrabbit-data\2.20.10\jackrabbit-data-2.20.10.jar;C:\Users\Kaos\.m2\repository\org\slf4j\jcl-over-slf4j\1.7.36\jcl-over-slf4j-1.7.36.jar;C:\Users\Kaos\.m2\repository\org\apache\jackrabbit\oak-blob\1.52.0\oak-blob-1.52.0.jar;C:\Users\Kaos\.m2\repository\commons-codec\commons-codec\1.15\commons-codec-1.15.jar;C:\Users\Kaos\.m2\repository\org\osgi\org.osgi.annotation\6.0.0\org.osgi.annotation-6.0.0.jar;C:\Users\Kaos\.m2\repository\org\apache\jackrabbit\oak-store-spi\1.52.0\oak-store-spi-1.52.0.jar;C:\Users\Kaos\.m2\repository\commons-io\commons-io\2.11.0\commons-io-2.11.0.jar;C:\Users\Kaos\.m2\repository\javax\jcr\jcr\2.0\jcr-2.0.jar;C:\Users\Kaos\.m2\repository\org\apache\jackrabbit\jackrabbit-jcr-commons\2.20.10\jackrabbit-jcr-commons-2.20.10.jar;C:\Users\Kaos\.m2\repository\org\slf4j\slf4j-api\1.7.36\slf4j-api-1.7.36.jar;C:\Users\Kaos\.m2\repository\org\apache\jackrabbit\oak-jcr\1.52.0\oak-jcr-1.52.0.jar;C:\Users\Kaos\.m2\repository\org\slf4j\slf4j-simple\1.7.5\slf4j-simple-1.7.5.jar;"/>
    <property name="java.vm.vendor" value="Microsoft"/>
    <property name="sun.arch.data.model" value="64"/>
    <property name="user.variant" value=""/>
    <property name="java.vendor.url" value="https://www.microsoft.com"/>
    <property name="user.timezone" value="America/Sao_Paulo"/>
    <property name="java.vm.specification.version" value="11"/>
    <property name="os.name" value="Windows 11"/>
    <property name="sun.java.launcher" value="SUN_STANDARD"/>
    <property name="user.country" value="BR"/>
    <property name="sun.boot.library.path" value="C:\Program Files\Microsoft\jdk-11.0.17.8-hotspot\bin"/>
    <property name="sun.java.command" value="C:\Users\Kaos\AppData\Local\Temp\surefire11101148607989292918\surefirebooter-20230925084554200_3.jar C:\Users\Kaos\AppData\Local\Temp\surefire11101148607989292918 2023-09-25T08-45-53_861-jvmRun1 surefire-20230925084554200_1tmp surefire_0-20230925084554200_2tmp"/>
    <property name="jdk.debug" value="release"/>
    <property name="surefire.test.class.path" value="C:\Desenvolvimento\Java\jackrabbit\jackrabbit-app\target\test-classes;C:\Desenvolvimento\Java\jackrabbit\jackrabbit-app\target\classes;C:\Users\Kaos\.m2\repository\junit\junit\3.8.1\junit-3.8.1.jar;C:\Users\Kaos\.m2\repository\org\apache\jackrabbit\oak-core\1.52.0\oak-core-1.52.0.jar;C:\Users\Kaos\.m2\repository\org\osgi\org.osgi.service.component.annotations\1.3.0\org.osgi.service.component.annotations-1.3.0.jar;C:\Users\Kaos\.m2\repository\org\osgi\org.osgi.service.metatype.annotations\1.3.0\org.osgi.service.metatype.annotations-1.3.0.jar;C:\Users\Kaos\.m2\repository\org\apache\jackrabbit\oak-jackrabbit-api\1.52.0\oak-jackrabbit-api-1.52.0.jar;C:\Users\Kaos\.m2\repository\org\apache\jackrabbit\oak-shaded-guava\1.52.0\oak-shaded-guava-1.52.0.jar;C:\Users\Kaos\.m2\repository\com\google\guava\guava\31.1-jre\guava-31.1-jre.jar;C:\Users\Kaos\.m2\repository\com\google\guava\failureaccess\1.0.1\failureaccess-1.0.1.jar;C:\Users\Kaos\.m2\repository\com\google\guava\listenablefuture\9999.0-empty-to-avoid-conflict-with-guava\listenablefuture-9999.0-empty-to-avoid-conflict-with-guava.jar;C:\Users\Kaos\.m2\repository\com\google\code\findbugs\jsr305\3.0.2\jsr305-3.0.2.jar;C:\Users\Kaos\.m2\repository\org\checkerframework\checker-qual\3.12.0\checker-qual-3.12.0.jar;C:\Users\Kaos\.m2\repository\com\google\errorprone\error_prone_annotations\2.11.0\error_prone_annotations-2.11.0.jar;C:\Users\Kaos\.m2\repository\com\google\j2objc\j2objc-annotations\1.3\j2objc-annotations-1.3.jar;C:\Users\Kaos\.m2\repository\org\apache\jackrabbit\oak-api\1.52.0\oak-api-1.52.0.jar;C:\Users\Kaos\.m2\repository\org\apache\jackrabbit\oak-core-spi\1.52.0\oak-core-spi-1.52.0.jar;C:\Users\Kaos\.m2\repository\org\apache\jackrabbit\oak-query-spi\1.52.0\oak-query-spi-1.52.0.jar;C:\Users\Kaos\.m2\repository\org\apache\jackrabbit\oak-security-spi\1.52.0\oak-security-spi-1.52.0.jar;C:\Users\Kaos\.m2\repository\org\apache\jackrabbit\oak-commons\1.52.0\oak-commons-1.52.0.jar;C:\Users\Kaos\.m2\repository\org\apache\jackrabbit\oak-blob-plugins\1.52.0\oak-blob-plugins-1.52.0.jar;C:\Users\Kaos\.m2\repository\org\apache\jackrabbit\jackrabbit-data\2.20.10\jackrabbit-data-2.20.10.jar;C:\Users\Kaos\.m2\repository\org\slf4j\jcl-over-slf4j\1.7.36\jcl-over-slf4j-1.7.36.jar;C:\Users\Kaos\.m2\repository\org\apache\jackrabbit\oak-blob\1.52.0\oak-blob-1.52.0.jar;C:\Users\Kaos\.m2\repository\commons-codec\commons-codec\1.15\commons-codec-1.15.jar;C:\Users\Kaos\.m2\repository\org\osgi\org.osgi.annotation\6.0.0\org.osgi.annotation-6.0.0.jar;C:\Users\Kaos\.m2\repository\org\apache\jackrabbit\oak-store-spi\1.52.0\oak-store-spi-1.52.0.jar;C:\Users\Kaos\.m2\repository\commons-io\commons-io\2.11.0\commons-io-2.11.0.jar;C:\Users\Kaos\.m2\repository\javax\jcr\jcr\2.0\jcr-2.0.jar;C:\Users\Kaos\.m2\repository\org\apache\jackrabbit\jackrabbit-jcr-commons\2.20.10\jackrabbit-jcr-commons-2.20.10.jar;C:\Users\Kaos\.m2\repository\org\slf4j\slf4j-api\1.7.36\slf4j-api-1.7.36.jar;C:\Users\Kaos\.m2\repository\org\apache\jackrabbit\oak-jcr\1.52.0\oak-jcr-1.52.0.jar;C:\Users\Kaos\.m2\repository\org\slf4j\slf4j-simple\1.7.5\slf4j-simple-1.7.5.jar;"/>
    <property name="sun.cpu.endian" value="little"/>
    <property name="user.home" value="C:\Users\Kaos"/>
    <property name="user.language" value="pt"/>
    <property name="java.specification.vendor" value="Oracle Corporation"/>
    <property name="java.version.date" value="2022-10-18"/>
    <property name="java.home" value="C:\Program Files\Microsoft\jdk-11.0.17.8-hotspot"/>
    <property name="file.separator" value="\"/>
    <property name="basedir" value="C:\Desenvolvimento\Java\jackrabbit\jackrabbit-app"/>
    <property name="java.vm.compressedOopsMode" value="Zero based"/>
    <property name="line.separator" value="&#10;"/>
    <property name="java.specification.name" value="Java Platform API Specification"/>
    <property name="java.vm.specification.vendor" value="Oracle Corporation"/>
    <property name="java.awt.graphicsenv" value="sun.awt.Win32GraphicsEnvironment"/>
    <property name="surefire.real.class.path" value="C:\Users\Kaos\AppData\Local\Temp\surefire11101148607989292918\surefirebooter-20230925084554200_3.jar"/>
    <property name="user.script" value=""/>
    <property name="sun.management.compiler" value="HotSpot 64-Bit Tiered Compilers"/>
    <property name="java.runtime.version" value="11.0.17+8-LTS"/>
    <property name="user.name" value="Kaos"/>
    <property name="path.separator" value=";"/>
    <property name="os.version" value="10.0"/>
    <property name="java.runtime.name" value="OpenJDK Runtime Environment"/>
    <property name="file.encoding" value="Cp1252"/>
    <property name="java.vm.name" value="OpenJDK 64-Bit Server VM"/>
    <property name="java.vendor.version" value="Microsoft-6841889"/>
    <property name="localRepository" value="C:\Users\Kaos\.m2\repository"/>
    <property name="java.vendor.url.bug" value="https://github.com/microsoft/openjdk/issues"/>
    <property name="java.io.tmpdir" value="C:\Users\Kaos\AppData\Local\Temp\"/>
    <property name="java.version" value="11.0.17"/>
    <property name="user.dir" value="C:\Desenvolvimento\Java\jackrabbit\jackrabbit-app"/>
    <property name="os.arch" value="amd64"/>
    <property name="java.vm.specification.name" value="Java Virtual Machine Specification"/>
    <property name="java.awt.printerjob" value="sun.awt.windows.WPrinterJob"/>
    <property name="sun.os.patch.level" value=""/>
    <property name="java.library.path" value="C:\Program Files\Microsoft\jdk-11.0.17.8-hotspot\bin;C:\WINDOWS\Sun\Java\bin;C:\WINDOWS\system32;C:\WINDOWS;C:\Program Files\Microsoft\jdk-11.0.12.7-hotspot\bin;C:\Program Files\Microsoft\jdk-11.0.17.8-hotspot\bin;C:\Program Files (x86)\Common Files\Intel\Shared Libraries\redist\intel64\compiler;C:\Program Files\Common Files\Oracle\Java\javapath;C:\Windows\system32;C:\Windows;C:\Windows\System32\Wbem;C:\Windows\System32\WindowsPowerShell\v1.0\;C:\Windows\System32\OpenSSH\;C:\Program Files (x86)\NVIDIA Corporation\PhysX\Common;C:\Program Files\NVIDIA Corporation\NVIDIA NvDLISR;C:\WINDOWS\system32;C:\WINDOWS;C:\WINDOWS\System32\Wbem;C:\WINDOWS\System32\WindowsPowerShell\v1.0\;C:\WINDOWS\System32\OpenSSH\;C:\Program Files\Microsoft SQL Server\150\Tools\Binn\;C:\Program Files\Microsoft SQL Server\Client SDK\ODBC\170\Tools\Binn\;C:\Program Files (x86)\Microsoft SQL Server\150\DTS\Binn\;C:\Program Files\Azure Data Studio\bin;C:\Program Files\dotnet\;C:\Program Files (x86)\Microsoft SQL Server\150\Tools\Binn\;C:\Program Files\Microsoft SQL Server\150\DTS\Binn\;C:\WINDOWS\system32;C:\WINDOWS;C:\WINDOWS\System32\Wbem;C:\WINDOWS\System32\WindowsPowerShell\v1.0\;C:\WINDOWS\System32\OpenSSH\;C:\Program Files\Git\cmd;C:\Program Files (x86)\Windows Kits\10\Windows Performance Toolkit\;C:\Program Files\nodejs\;C:\Users\Kaos\AppData\Local\Programs\Python\Python310\Scripts\;C:\Users\Kaos\AppData\Local\Programs\Python\Python310\;C:\Users\Kaos\AppData\Local\Microsoft\WindowsApps;C:\Users\Kaos\AppData\Local\Programs\Microsoft VS Code\bin;C:\Program Files\Azure Data Studio\bin;C:\Users\Kaos\.dotnet\tools;C:\Users\Kaos\AppData\Roaming\npm;C:\Desenvolvimento\Java\apache-maven-3.9.4\bin;;."/>
    <property name="java.vm.info" value="mixed mode"/>
    <property name="java.vendor" value="Microsoft"/>
    <property name="java.vm.version" value="11.0.17+8-LTS"/>
    <property name="sun.io.unicode.encoding" value="UnicodeLittle"/>
    <property name="java.class.version" value="55.0"/>
  </properties>
  <testcase name="testApp" classname="com.meuapp.AppTest" time="0.003"/>
</testsuite>